<?xml version="1.0" encoding="UTF-8"?>
<testng-results ignored="0" total="1" passed="1" failed="0" skipped="0">
  <reporter-output>
  </reporter-output>
  <suite started-at="2025-05-09T11:38:20 PDT" name="Suite" finished-at="2025-05-09T11:38:31 PDT" duration-ms="11038">
    <groups>
    </groups>
    <test started-at="2025-05-09T11:38:20 PDT" name="Test" finished-at="2025-05-09T11:38:31 PDT" duration-ms="11038">
      <class name="com.selenium.testcases.PaymentTest">
        <test-method is-config="true" signature="setUp()[pri:0, instance:com.selenium.testcases.PaymentTest@3d285d7e]" started-at="2025-05-09T11:38:20 PDT" name="setUp" finished-at="2025-05-09T11:38:24 PDT" duration-ms="3329" status="PASS">
          <reporter-output>
          </reporter-output>
        </test-method> <!-- setUp -->
        <test-method signature="paymentTestCase()[pri:1, instance:com.selenium.testcases.PaymentTest@3d285d7e]" started-at="2025-05-09T11:38:24 PDT" name="paymentTestCase" finished-at="2025-05-09T11:38:31 PDT" duration-ms="7210" status="PASS">
          <reporter-output>
          </reporter-output>
        </test-method> <!-- paymentTestCase -->
        <test-method is-config="true" signature="tearDown()[pri:0, instance:com.selenium.testcases.PaymentTest@3d285d7e]" started-at="2025-05-09T11:38:31 PDT" name="tearDown" finished-at="2025-05-09T11:38:31 PDT" duration-ms="313" status="PASS">
          <reporter-output>
          </reporter-output>
        </test-method> <!-- tearDown -->
      </class> <!-- com.selenium.testcases.PaymentTest -->
    </test> <!-- Test -->
  </suite> <!-- Suite -->
</testng-results>
