<?xml version="1.0" encoding="UTF-8"?>
<!-- Generated by org.testng.reporters.JUnitXMLReporter -->
<testsuite ignored="0" hostname="VenuSaurabh" failures="0" tests="3" name="Test Basics 1" time="7.198" errors="0" timestamp="2025-02-26T00:11:43 PST">
  <testcase classname="com.venus.selenium.test.LoginTestDataDriven" name="loginTestDD" time="2.779"/>
  <testcase classname="com.venus.selenium.test.LoginTestDataDriven" name="loginTestDD" time="1.874"/>
  <testcase classname="com.venus.selenium.test.LoginTestDataDriven" name="loginTestDD" time="1.912"/>
</testsuite> <!-- Test Basics 1 -->
